<?xml version="1.0" encoding="UTF-8"?>
<!-- Generated by org.testng.reporters.JUnitReportReporter -->
<testsuite skipped="0" hostname="LAPTOP-IN3O14F1" name="home_Tests.Home_Tests" tests="3" failures="0" timestamp="2022-04-21T18:48:04 IST" time="23.841" errors="0">
  <testcase name="verifyHeaders" time="0.478" classname="home_Tests.Home_Tests"/>
  <system-out/>
  <testcase name="verifyCategories_AmazonHome" time="2.869" classname="home_Tests.Home_Tests"/>
  <system-out/>
  <testcase name="VerifySignInPage" time="20.494" classname="home_Tests.Home_Tests"/>
  <system-out/>
</testsuite> <!-- home_Tests.Home_Tests -->
