<?xml version="1.0" encoding="UTF-8"?>
<!-- Generated by org.testng.reporters.JUnitReportReporter -->
<testsuite hostname="LAPTOP-IN3O14F1" failures="0" tests="3" name="home_Tests.Home_Tests" time="0.000" errors="0" timestamp="2022-04-22T17:04:48 IST" skipped="3">
  <testcase classname="home_Tests.Home_Tests" name="verifyHeaders" time="0.000">
    <skipped/>
  </testcase> <!-- verifyHeaders -->
  <system-out/>
  <testcase classname="home_Tests.Home_Tests" name="verifyCategories_AmazonHome" time="0.000">
    <skipped/>
  </testcase> <!-- verifyCategories_AmazonHome -->
  <system-out/>
  <testcase classname="home_Tests.Home_Tests" name="VerifySignInPage" time="0.000">
    <skipped/>
  </testcase> <!-- VerifySignInPage -->
  <system-out/>
</testsuite> <!-- home_Tests.Home_Tests -->
