<?xml version="1.0" encoding="UTF-8"?>
<!-- Generated by org.testng.reporters.JUnitReportReporter -->
<testsuite hostname="LAPTOP-IN3O14F1" failures="0" tests="3" name="home_Tests.Home_Tests" time="6.609" errors="0" timestamp="2022-04-22T17:31:09 IST" skipped="0">
  <testcase classname="home_Tests.Home_Tests" name="verifyHeaders" time="0.360"/>
  <system-out/>
  <testcase classname="home_Tests.Home_Tests" name="verifyCategories_AmazonHome" time="3.725"/>
  <system-out/>
  <testcase classname="home_Tests.Home_Tests" name="VerifySignInPage" time="2.524"/>
  <system-out/>
</testsuite> <!-- home_Tests.Home_Tests -->
