<?xml version="1.0" encoding="UTF-8"?>
<!-- Generated by org.testng.reporters.JUnitReportReporter -->
<testsuite hostname="LAPTOP-IN3O14F1" failures="0" tests="1" name="searchProduct_Tests.Search_Tests" time="8.975" errors="0" timestamp="2022-04-22T17:31:09 IST" skipped="0">
  <testcase classname="searchProduct_Tests.Search_Tests" name="searchProduct_SearchTextbox" time="8.975"/>
  <system-out/>
</testsuite> <!-- searchProduct_Tests.Search_Tests -->
